Started GET "/" for 127.0.0.1 at 2024-09-17 15:44:06 +0300
  [1m[35m (4.3ms)[0m  [1m[35mCREATE TABLE "schema_migrations" ("version" varchar NOT NULL PRIMARY KEY)[0m
  [1m[35m (0.2ms)[0m  [1m[35mCREATE TABLE "ar_internal_metadata" ("key" varchar NOT NULL PRIMARY KEY, "value" varchar, "created_at" datetime(6) NOT NULL, "updated_at" datetime(6) NOT NULL)[0m
  [1m[36mActiveRecord::SchemaMigration Load (0.2ms)[0m  [1m[34mSELECT "schema_migrations"."version" FROM "schema_migrations" ORDER BY "schema_migrations"."version" ASC[0m
  
ActiveRecord::PendingMigrationError (

Migrations are pending. To resolve this issue, run:

        bin/rails db:migrate

You have 2 pending migrations:

db/migrate/20240901172355_create_structure.rb
db/migrate/20240910130256_add_expiry_date_to_slide_mappings.rb


):
  
activerecord (7.1.3.4) lib/active_record/migration.rb:755:in `check_pending_migrations'
activerecord (7.1.3.4) lib/active_record/migration.rb:644:in `block (2 levels) in call'
activesupport (7.1.3.4) lib/active_support/file_update_checker.rb:85:in `execute'
activerecord (7.1.3.4) lib/active_record/migration.rb:649:in `block in call'
activerecord (7.1.3.4) lib/active_record/migration.rb:641:in `synchronize'
activerecord (7.1.3.4) lib/active_record/migration.rb:641:in `call'
actionpack (7.1.3.4) lib/action_dispatch/middleware/callbacks.rb:29:in `block in call'
activesupport (7.1.3.4) lib/active_support/callbacks.rb:101:in `run_callbacks'
actionpack (7.1.3.4) lib/action_dispatch/middleware/callbacks.rb:28:in `call'
actionpack (7.1.3.4) lib/action_dispatch/middleware/executor.rb:14:in `call'
actionpack (7.1.3.4) lib/action_dispatch/middleware/actionable_exceptions.rb:16:in `call'
actionpack (7.1.3.4) lib/action_dispatch/middleware/debug_exceptions.rb:29:in `call'
web-console (4.2.1) lib/web_console/middleware.rb:132:in `call_app'
web-console (4.2.1) lib/web_console/middleware.rb:28:in `block in call'
web-console (4.2.1) lib/web_console/middleware.rb:17:in `catch'
web-console (4.2.1) lib/web_console/middleware.rb:17:in `call'
actionpack (7.1.3.4) lib/action_dispatch/middleware/show_exceptions.rb:31:in `call'
railties (7.1.3.4) lib/rails/rack/logger.rb:37:in `call_app'
railties (7.1.3.4) lib/rails/rack/logger.rb:24:in `block in call'
activesupport (7.1.3.4) lib/active_support/tagged_logging.rb:135:in `block in tagged'
activesupport (7.1.3.4) lib/active_support/tagged_logging.rb:39:in `tagged'
activesupport (7.1.3.4) lib/active_support/tagged_logging.rb:135:in `tagged'
activesupport (7.1.3.4) lib/active_support/broadcast_logger.rb:240:in `method_missing'
railties (7.1.3.4) lib/rails/rack/logger.rb:24:in `call'
sprockets-rails (3.5.2) lib/sprockets/rails/quiet_assets.rb:17:in `call'
actionpack (7.1.3.4) lib/action_dispatch/middleware/remote_ip.rb:92:in `call'
actionpack (7.1.3.4) lib/action_dispatch/middleware/request_id.rb:28:in `call'
rack (3.1.7) lib/rack/method_override.rb:28:in `call'
rack (3.1.7) lib/rack/runtime.rb:24:in `call'
activesupport (7.1.3.4) lib/active_support/cache/strategy/local_cache_middleware.rb:29:in `call'
actionpack (7.1.3.4) lib/action_dispatch/middleware/server_timing.rb:59:in `block in call'
actionpack (7.1.3.4) lib/action_dispatch/middleware/server_timing.rb:24:in `collect_events'
actionpack (7.1.3.4) lib/action_dispatch/middleware/server_timing.rb:58:in `call'
actionpack (7.1.3.4) lib/action_dispatch/middleware/executor.rb:14:in `call'
actionpack (7.1.3.4) lib/action_dispatch/middleware/static.rb:25:in `call'
rack (3.1.7) lib/rack/sendfile.rb:114:in `call'
actionpack (7.1.3.4) lib/action_dispatch/middleware/host_authorization.rb:141:in `call'
railties (7.1.3.4) lib/rails/engine.rb:536:in `call'
puma (6.4.2) lib/puma/configuration.rb:272:in `call'
puma (6.4.2) lib/puma/request.rb:100:in `block in handle_request'
puma (6.4.2) lib/puma/thread_pool.rb:378:in `with_force_shutdown'
puma (6.4.2) lib/puma/request.rb:99:in `handle_request'
puma (6.4.2) lib/puma/server.rb:464:in `process_client'
puma (6.4.2) lib/puma/server.rb:245:in `block in run'
puma (6.4.2) lib/puma/thread_pool.rb:155:in `block in spawn_thread'
  [1m[36mActiveRecord::InternalMetadata Load (0.1ms)[0m  [1m[34mSELECT * FROM "ar_internal_metadata" WHERE "ar_internal_metadata"."key" = ? ORDER BY "ar_internal_metadata"."key" ASC LIMIT 1[0m  [[nil, "environment"]]
  [1m[36mActiveRecord::InternalMetadata Create (10.4ms)[0m  [1m[32mINSERT INTO "ar_internal_metadata" ("key", "value", "created_at", "updated_at") VALUES ('environment', 'development', '2024-09-17 12:44:14.529809', '2024-09-17 12:44:14.529811') RETURNING "key"[0m
  [1m[36mActiveRecord::SchemaMigration Load (0.1ms)[0m  [1m[34mSELECT "schema_migrations"."version" FROM "schema_migrations" ORDER BY "schema_migrations"."version" ASC[0m
Migrating to CreateStructure (20240901172355)
  [1m[36mTRANSACTION (0.0ms)[0m  [1m[36mbegin transaction[0m
  [1m[35m (0.7ms)[0m  [1m[35mDROP TABLE IF EXISTS "active_storage_attachments"[0m
  [1m[35m (0.1ms)[0m  [1m[35mCREATE TABLE "active_storage_attachments" ("id" integer PRIMARY KEY AUTOINCREMENT NOT NULL, "name" varchar NOT NULL, "record_type" varchar NOT NULL, "record_id" bigint NOT NULL, "blob_id" bigint NOT NULL, "created_at" datetime(6) NOT NULL)[0m
  [1m[35m (0.1ms)[0m  [1m[35mCREATE INDEX "index_active_storage_attachments_on_blob_id" ON "active_storage_attachments" ("blob_id")[0m
  [1m[35m (0.1ms)[0m  [1m[35mCREATE UNIQUE INDEX "index_active_storage_attachments_uniqueness" ON "active_storage_attachments" ("record_type", "record_id", "name", "blob_id")[0m
  [1m[35m (0.0ms)[0m  [1m[35mDROP TABLE IF EXISTS "active_storage_blobs"[0m
  [1m[35m (0.2ms)[0m  [1m[35mCREATE TABLE "active_storage_blobs" ("id" integer PRIMARY KEY AUTOINCREMENT NOT NULL, "key" varchar NOT NULL, "filename" varchar NOT NULL, "content_type" varchar, "metadata" text, "service_name" varchar NOT NULL, "byte_size" bigint NOT NULL, "checksum" varchar, "created_at" datetime(6) NOT NULL)[0m
  [1m[35m (0.1ms)[0m  [1m[35mCREATE UNIQUE INDEX "index_active_storage_blobs_on_key" ON "active_storage_blobs" ("key")[0m
  [1m[35m (0.0ms)[0m  [1m[35mDROP TABLE IF EXISTS "active_storage_variant_records"[0m
  [1m[35m (0.1ms)[0m  [1m[35mCREATE TABLE "active_storage_variant_records" ("id" integer PRIMARY KEY AUTOINCREMENT NOT NULL, "blob_id" bigint NOT NULL, "variation_digest" varchar NOT NULL)[0m
  [1m[35m (0.1ms)[0m  [1m[35mCREATE UNIQUE INDEX "index_active_storage_variant_records_uniqueness" ON "active_storage_variant_records" ("blob_id", "variation_digest")[0m
  [1m[35m (0.0ms)[0m  [1m[35mDROP TABLE IF EXISTS "screens"[0m
  [1m[35m (0.1ms)[0m  [1m[35mCREATE TABLE "screens" ("id" integer PRIMARY KEY AUTOINCREMENT NOT NULL, "name" varchar, "created_at" datetime(6) NOT NULL, "updated_at" datetime(6) NOT NULL)[0m
  [1m[35m (0.0ms)[0m  [1m[35mDROP TABLE IF EXISTS "slide_mappings"[0m
  [1m[35m (0.2ms)[0m  [1m[35mCREATE TABLE "slide_mappings" ("id" integer PRIMARY KEY AUTOINCREMENT NOT NULL, "slideshow_id" integer NOT NULL, "slide_id" integer NOT NULL, "created_at" datetime(6) NOT NULL, "updated_at" datetime(6) NOT NULL, "duration" integer)[0m
  [1m[35m (0.1ms)[0m  [1m[35mCREATE INDEX "index_slide_mappings_on_slide_id" ON "slide_mappings" ("slide_id")[0m
  [1m[35m (0.1ms)[0m  [1m[35mCREATE INDEX "index_slide_mappings_on_slideshow_id" ON "slide_mappings" ("slideshow_id")[0m
  [1m[35m (0.0ms)[0m  [1m[35mDROP TABLE IF EXISTS "slides"[0m
  [1m[35m (0.2ms)[0m  [1m[35mCREATE TABLE "slides" ("id" integer PRIMARY KEY AUTOINCREMENT NOT NULL, "name" varchar, "created_at" datetime(6) NOT NULL, "updated_at" datetime(6) NOT NULL)[0m
  [1m[35m (0.0ms)[0m  [1m[35mDROP TABLE IF EXISTS "slideshow_mappings"[0m
  [1m[35m (0.1ms)[0m  [1m[35mCREATE TABLE "slideshow_mappings" ("id" integer PRIMARY KEY AUTOINCREMENT NOT NULL, "screen_id" integer NOT NULL, "slideshow_id" integer NOT NULL, "created_at" datetime(6) NOT NULL, "updated_at" datetime(6) NOT NULL)[0m
  [1m[35m (0.8ms)[0m  [1m[35mCREATE INDEX "index_slideshow_mappings_on_screen_id" ON "slideshow_mappings" ("screen_id")[0m
  [1m[35m (0.2ms)[0m  [1m[35mCREATE INDEX "index_slideshow_mappings_on_slideshow_id" ON "slideshow_mappings" ("slideshow_id")[0m
  [1m[35m (0.0ms)[0m  [1m[35mDROP TABLE IF EXISTS "slideshows"[0m
  [1m[35m (0.1ms)[0m  [1m[35mCREATE TABLE "slideshows" ("id" integer PRIMARY KEY AUTOINCREMENT NOT NULL, "name" varchar, "created_at" datetime(6) NOT NULL, "updated_at" datetime(6) NOT NULL)[0m
  [1m[35m (0.0ms)[0m  [1m[35mDROP TABLE IF EXISTS "users"[0m
  [1m[35m (0.1ms)[0m  [1m[35mCREATE TABLE "users" ("id" integer PRIMARY KEY AUTOINCREMENT NOT NULL, "email" varchar, "password_digest" varchar, "created_at" datetime(6) NOT NULL, "updated_at" datetime(6) NOT NULL)[0m
  [1m[35m (0.0ms)[0m  [1m[35mPRAGMA foreign_keys[0m
  [1m[35m (0.1ms)[0m  [1m[35mPRAGMA defer_foreign_keys[0m
  [1m[35m (0.1ms)[0m  [1m[35mPRAGMA defer_foreign_keys = ON[0m
  [1m[35m (0.0ms)[0m  [1m[35mPRAGMA foreign_keys = OFF[0m
  [1m[35m (0.1ms)[0m  [1m[35mCREATE TEMPORARY TABLE "aactive_storage_attachments" ("id" integer PRIMARY KEY AUTOINCREMENT NOT NULL, "name" varchar NOT NULL, "record_type" varchar NOT NULL, "record_id" bigint NOT NULL, "blob_id" bigint NOT NULL, "created_at" datetime(6) NOT NULL)[0m
  [1m[35m (0.1ms)[0m  [1m[35mCREATE UNIQUE INDEX "tindex_aactive_storage_attachments_uniqueness" ON "aactive_storage_attachments" ("record_type", "record_id", "name", "blob_id")[0m
  [1m[35m (0.1ms)[0m  [1m[35mCREATE INDEX "tindex_aactive_storage_attachments_on_blob_id" ON "aactive_storage_attachments" ("blob_id")[0m
  [1m[35m (0.1ms)[0m  [1m[32mINSERT INTO "aactive_storage_attachments" ("id","name","record_type","record_id","blob_id","created_at")
                     SELECT "id","name","record_type","record_id","blob_id","created_at" FROM "active_storage_attachments"[0m
  [1m[35m (0.2ms)[0m  [1m[35mDROP TABLE "active_storage_attachments"[0m
  [1m[35m (0.1ms)[0m  [1m[35mCREATE TABLE "active_storage_attachments" ("id" integer PRIMARY KEY AUTOINCREMENT NOT NULL, "name" varchar NOT NULL, "record_type" varchar NOT NULL, "record_id" bigint NOT NULL, "blob_id" bigint NOT NULL, "created_at" datetime(6) NOT NULL, CONSTRAINT "fk_rails_c3b3935057"
FOREIGN KEY ("blob_id")
  REFERENCES "active_storage_blobs" ("id")
)[0m
  [1m[35m (0.1ms)[0m  [1m[35mCREATE INDEX "index_active_storage_attachments_on_blob_id" ON "active_storage_attachments" ("blob_id")[0m
  [1m[35m (0.1ms)[0m  [1m[35mCREATE UNIQUE INDEX "index_active_storage_attachments_uniqueness" ON "active_storage_attachments" ("record_type", "record_id", "name", "blob_id")[0m
  [1m[35m (0.0ms)[0m  [1m[32mINSERT INTO "active_storage_attachments" ("id","name","record_type","record_id","blob_id","created_at")
                     SELECT "id","name","record_type","record_id","blob_id","created_at" FROM "aactive_storage_attachments"[0m
  [1m[35m (0.1ms)[0m  [1m[35mDROP TABLE "aactive_storage_attachments"[0m
  [1m[35m (0.0ms)[0m  [1m[35mPRAGMA defer_foreign_keys = 0[0m
  [1m[35m (0.0ms)[0m  [1m[35mPRAGMA foreign_keys = 1[0m
  [1m[35m (0.1ms)[0m  [1m[35mPRAGMA foreign_keys[0m
  [1m[35m (0.0ms)[0m  [1m[35mPRAGMA defer_foreign_keys[0m
  [1m[35m (0.0ms)[0m  [1m[35mPRAGMA defer_foreign_keys = ON[0m
  [1m[35m (0.0ms)[0m  [1m[35mPRAGMA foreign_keys = OFF[0m
  [1m[35m (0.1ms)[0m  [1m[35mCREATE TEMPORARY TABLE "aactive_storage_variant_records" ("id" integer PRIMARY KEY AUTOINCREMENT NOT NULL, "blob_id" bigint NOT NULL, "variation_digest" varchar NOT NULL)[0m
  [1m[35m (0.1ms)[0m  [1m[35mCREATE UNIQUE INDEX "tindex_aactive_storage_variant_records_uniqueness" ON "aactive_storage_variant_records" ("blob_id", "variation_digest")[0m
  [1m[35m (0.0ms)[0m  [1m[32mINSERT INTO "aactive_storage_variant_records" ("id","blob_id","variation_digest")
                     SELECT "id","blob_id","variation_digest" FROM "active_storage_variant_records"[0m
  [1m[35m (0.2ms)[0m  [1m[35mDROP TABLE "active_storage_variant_records"[0m
  [1m[35m (0.2ms)[0m  [1m[35mCREATE TABLE "active_storage_variant_records" ("id" integer PRIMARY KEY AUTOINCREMENT NOT NULL, "blob_id" bigint NOT NULL, "variation_digest" varchar NOT NULL, CONSTRAINT "fk_rails_993965df05"
FOREIGN KEY ("blob_id")
  REFERENCES "active_storage_blobs" ("id")
)[0m
  [1m[35m (0.1ms)[0m  [1m[35mCREATE UNIQUE INDEX "index_active_storage_variant_records_uniqueness" ON "active_storage_variant_records" ("blob_id", "variation_digest")[0m
  [1m[35m (0.0ms)[0m  [1m[32mINSERT INTO "active_storage_variant_records" ("id","blob_id","variation_digest")
                     SELECT "id","blob_id","variation_digest" FROM "aactive_storage_variant_records"[0m
  [1m[35m (0.1ms)[0m  [1m[35mDROP TABLE "aactive_storage_variant_records"[0m
  [1m[35m (0.1ms)[0m  [1m[35mPRAGMA defer_foreign_keys = 0[0m
  [1m[35m (0.0ms)[0m  [1m[35mPRAGMA foreign_keys = 1[0m
  [1m[35m (0.0ms)[0m  [1m[35mPRAGMA foreign_keys[0m
  [1m[35m (0.0ms)[0m  [1m[35mPRAGMA defer_foreign_keys[0m
  [1m[35m (0.1ms)[0m  [1m[35mPRAGMA defer_foreign_keys = ON[0m
  [1m[35m (0.1ms)[0m  [1m[35mPRAGMA foreign_keys = OFF[0m
  [1m[35m (0.1ms)[0m  [1m[35mCREATE TEMPORARY TABLE "aslide_mappings" ("id" integer PRIMARY KEY AUTOINCREMENT NOT NULL, "slideshow_id" integer NOT NULL, "slide_id" integer NOT NULL, "created_at" datetime(6) NOT NULL, "updated_at" datetime(6) NOT NULL, "duration" integer DEFAULT NULL)[0m
  [1m[35m (0.1ms)[0m  [1m[35mCREATE INDEX "tindex_aslide_mappings_on_slideshow_id" ON "aslide_mappings" ("slideshow_id")[0m
  [1m[35m (0.3ms)[0m  [1m[35mCREATE INDEX "tindex_aslide_mappings_on_slide_id" ON "aslide_mappings" ("slide_id")[0m
  [1m[35m (0.1ms)[0m  [1m[32mINSERT INTO "aslide_mappings" ("id","slideshow_id","slide_id","created_at","updated_at","duration")
                     SELECT "id","slideshow_id","slide_id","created_at","updated_at","duration" FROM "slide_mappings"[0m
  [1m[35m (0.1ms)[0m  [1m[35mDROP TABLE "slide_mappings"[0m
  [1m[35m (0.2ms)[0m  [1m[35mCREATE TABLE "slide_mappings" ("id" integer PRIMARY KEY AUTOINCREMENT NOT NULL, "slideshow_id" integer NOT NULL, "slide_id" integer NOT NULL, "created_at" datetime(6) NOT NULL, "updated_at" datetime(6) NOT NULL, "duration" integer DEFAULT NULL, CONSTRAINT "fk_rails_4a4fe88740"
FOREIGN KEY ("slide_id")
  REFERENCES "slides" ("id")
)[0m
  [1m[35m (0.1ms)[0m  [1m[35mCREATE INDEX "index_slide_mappings_on_slide_id" ON "slide_mappings" ("slide_id")[0m
  [1m[35m (0.1ms)[0m  [1m[35mCREATE INDEX "index_slide_mappings_on_slideshow_id" ON "slide_mappings" ("slideshow_id")[0m
  [1m[35m (0.1ms)[0m  [1m[32mINSERT INTO "slide_mappings" ("id","slideshow_id","slide_id","created_at","updated_at","duration")
                     SELECT "id","slideshow_id","slide_id","created_at","updated_at","duration" FROM "aslide_mappings"[0m
  [1m[35m (0.1ms)[0m  [1m[35mDROP TABLE "aslide_mappings"[0m
  [1m[35m (0.1ms)[0m  [1m[35mPRAGMA defer_foreign_keys = 0[0m
  [1m[35m (0.1ms)[0m  [1m[35mPRAGMA foreign_keys = 1[0m
  [1m[35m (0.1ms)[0m  [1m[35mPRAGMA foreign_keys[0m
  [1m[35m (0.0ms)[0m  [1m[35mPRAGMA defer_foreign_keys[0m
  [1m[35m (0.0ms)[0m  [1m[35mPRAGMA defer_foreign_keys = ON[0m
  [1m[35m (0.0ms)[0m  [1m[35mPRAGMA foreign_keys = OFF[0m
  [1m[35m (0.1ms)[0m  [1m[35mCREATE TEMPORARY TABLE "aslide_mappings" ("id" integer PRIMARY KEY AUTOINCREMENT NOT NULL, "slideshow_id" integer NOT NULL, "slide_id" integer NOT NULL, "created_at" datetime(6) NOT NULL, "updated_at" datetime(6) NOT NULL, "duration" integer DEFAULT NULL)[0m
  [1m[35m (0.1ms)[0m  [1m[35mCREATE INDEX "tindex_aslide_mappings_on_slideshow_id" ON "aslide_mappings" ("slideshow_id")[0m
  [1m[35m (0.1ms)[0m  [1m[35mCREATE INDEX "tindex_aslide_mappings_on_slide_id" ON "aslide_mappings" ("slide_id")[0m
  [1m[35m (0.0ms)[0m  [1m[32mINSERT INTO "aslide_mappings" ("id","slideshow_id","slide_id","created_at","updated_at","duration")
                     SELECT "id","slideshow_id","slide_id","created_at","updated_at","duration" FROM "slide_mappings"[0m
  [1m[35m (0.1ms)[0m  [1m[35mDROP TABLE "slide_mappings"[0m
  [1m[35m (0.1ms)[0m  [1m[35mCREATE TABLE "slide_mappings" ("id" integer PRIMARY KEY AUTOINCREMENT NOT NULL, "slideshow_id" integer NOT NULL, "slide_id" integer NOT NULL, "created_at" datetime(6) NOT NULL, "updated_at" datetime(6) NOT NULL, "duration" integer DEFAULT NULL, CONSTRAINT "fk_rails_4a4fe88740"
FOREIGN KEY ("slide_id")
  REFERENCES "slides" ("id")
, CONSTRAINT "fk_rails_4127b75fc5"
FOREIGN KEY ("slideshow_id")
  REFERENCES "slideshows" ("id")
)[0m
  [1m[35m (0.1ms)[0m  [1m[35mCREATE INDEX "index_slide_mappings_on_slide_id" ON "slide_mappings" ("slide_id")[0m
  [1m[35m (0.1ms)[0m  [1m[35mCREATE INDEX "index_slide_mappings_on_slideshow_id" ON "slide_mappings" ("slideshow_id")[0m
  [1m[35m (0.1ms)[0m  [1m[32mINSERT INTO "slide_mappings" ("id","slideshow_id","slide_id","created_at","updated_at","duration")
                     SELECT "id","slideshow_id","slide_id","created_at","updated_at","duration" FROM "aslide_mappings"[0m
  [1m[35m (0.1ms)[0m  [1m[35mDROP TABLE "aslide_mappings"[0m
  [1m[35m (0.0ms)[0m  [1m[35mPRAGMA defer_foreign_keys = 0[0m
  [1m[35m (0.0ms)[0m  [1m[35mPRAGMA foreign_keys = 1[0m
  [1m[35m (0.0ms)[0m  [1m[35mPRAGMA foreign_keys[0m
  [1m[35m (0.0ms)[0m  [1m[35mPRAGMA defer_foreign_keys[0m
  [1m[35m (0.0ms)[0m  [1m[35mPRAGMA defer_foreign_keys = ON[0m
  [1m[35m (0.0ms)[0m  [1m[35mPRAGMA foreign_keys = OFF[0m
  [1m[35m (0.1ms)[0m  [1m[35mCREATE TEMPORARY TABLE "aslideshow_mappings" ("id" integer PRIMARY KEY AUTOINCREMENT NOT NULL, "screen_id" integer NOT NULL, "slideshow_id" integer NOT NULL, "created_at" datetime(6) NOT NULL, "updated_at" datetime(6) NOT NULL)[0m
  [1m[35m (0.1ms)[0m  [1m[35mCREATE INDEX "tindex_aslideshow_mappings_on_slideshow_id" ON "aslideshow_mappings" ("slideshow_id")[0m
  [1m[35m (0.2ms)[0m  [1m[35mCREATE INDEX "tindex_aslideshow_mappings_on_screen_id" ON "aslideshow_mappings" ("screen_id")[0m
  [1m[35m (0.0ms)[0m  [1m[32mINSERT INTO "aslideshow_mappings" ("id","screen_id","slideshow_id","created_at","updated_at")
                     SELECT "id","screen_id","slideshow_id","created_at","updated_at" FROM "slideshow_mappings"[0m
  [1m[35m (0.1ms)[0m  [1m[35mDROP TABLE "slideshow_mappings"[0m
  [1m[35m (0.2ms)[0m  [1m[35mCREATE TABLE "slideshow_mappings" ("id" integer PRIMARY KEY AUTOINCREMENT NOT NULL, "screen_id" integer NOT NULL, "slideshow_id" integer NOT NULL, "created_at" datetime(6) NOT NULL, "updated_at" datetime(6) NOT NULL, CONSTRAINT "fk_rails_a8d3b58224"
FOREIGN KEY ("screen_id")
  REFERENCES "screens" ("id")
)[0m
  [1m[35m (0.1ms)[0m  [1m[35mCREATE INDEX "index_slideshow_mappings_on_screen_id" ON "slideshow_mappings" ("screen_id")[0m
  [1m[35m (0.1ms)[0m  [1m[35mCREATE INDEX "index_slideshow_mappings_on_slideshow_id" ON "slideshow_mappings" ("slideshow_id")[0m
  [1m[35m (0.0ms)[0m  [1m[32mINSERT INTO "slideshow_mappings" ("id","screen_id","slideshow_id","created_at","updated_at")
                     SELECT "id","screen_id","slideshow_id","created_at","updated_at" FROM "aslideshow_mappings"[0m
  [1m[35m (0.1ms)[0m  [1m[35mDROP TABLE "aslideshow_mappings"[0m
  [1m[35m (0.1ms)[0m  [1m[35mPRAGMA defer_foreign_keys = 0[0m
  [1m[35m (0.0ms)[0m  [1m[35mPRAGMA foreign_keys = 1[0m
  [1m[35m (0.0ms)[0m  [1m[35mPRAGMA foreign_keys[0m
  [1m[35m (0.0ms)[0m  [1m[35mPRAGMA defer_foreign_keys[0m
  [1m[35m (0.0ms)[0m  [1m[35mPRAGMA defer_foreign_keys = ON[0m
  [1m[35m (0.0ms)[0m  [1m[35mPRAGMA foreign_keys = OFF[0m
  [1m[35m (0.1ms)[0m  [1m[35mCREATE TEMPORARY TABLE "aslideshow_mappings" ("id" integer PRIMARY KEY AUTOINCREMENT NOT NULL, "screen_id" integer NOT NULL, "slideshow_id" integer NOT NULL, "created_at" datetime(6) NOT NULL, "updated_at" datetime(6) NOT NULL)[0m
  [1m[35m (0.1ms)[0m  [1m[35mCREATE INDEX "tindex_aslideshow_mappings_on_slideshow_id" ON "aslideshow_mappings" ("slideshow_id")[0m
  [1m[35m (0.0ms)[0m  [1m[35mCREATE INDEX "tindex_aslideshow_mappings_on_screen_id" ON "aslideshow_mappings" ("screen_id")[0m
  [1m[35m (0.0ms)[0m  [1m[32mINSERT INTO "aslideshow_mappings" ("id","screen_id","slideshow_id","created_at","updated_at")
                     SELECT "id","screen_id","slideshow_id","created_at","updated_at" FROM "slideshow_mappings"[0m
  [1m[35m (0.1ms)[0m  [1m[35mDROP TABLE "slideshow_mappings"[0m
  [1m[35m (0.1ms)[0m  [1m[35mCREATE TABLE "slideshow_mappings" ("id" integer PRIMARY KEY AUTOINCREMENT NOT NULL, "screen_id" integer NOT NULL, "slideshow_id" integer NOT NULL, "created_at" datetime(6) NOT NULL, "updated_at" datetime(6) NOT NULL, CONSTRAINT "fk_rails_a8d3b58224"
FOREIGN KEY ("screen_id")
  REFERENCES "screens" ("id")
, CONSTRAINT "fk_rails_b415554d60"
FOREIGN KEY ("slideshow_id")
  REFERENCES "slideshows" ("id")
)[0m
  [1m[35m (0.1ms)[0m  [1m[35mCREATE INDEX "index_slideshow_mappings_on_screen_id" ON "slideshow_mappings" ("screen_id")[0m
  [1m[35m (0.1ms)[0m  [1m[35mCREATE INDEX "index_slideshow_mappings_on_slideshow_id" ON "slideshow_mappings" ("slideshow_id")[0m
  [1m[35m (0.1ms)[0m  [1m[32mINSERT INTO "slideshow_mappings" ("id","screen_id","slideshow_id","created_at","updated_at")
                     SELECT "id","screen_id","slideshow_id","created_at","updated_at" FROM "aslideshow_mappings"[0m
  [1m[35m (0.1ms)[0m  [1m[35mDROP TABLE "aslideshow_mappings"[0m
  [1m[35m (0.0ms)[0m  [1m[35mPRAGMA defer_foreign_keys = 0[0m
  [1m[35m (0.1ms)[0m  [1m[35mPRAGMA foreign_keys = 1[0m
  [1m[36mActiveRecord::SchemaMigration Create (0.1ms)[0m  [1m[32mINSERT INTO "schema_migrations" ("version") VALUES ('20240901172355') RETURNING "version"[0m
  [1m[36mTRANSACTION (0.2ms)[0m  [1m[36mcommit transaction[0m
Migrating to AddExpiryDateToSlideMappings (20240910130256)
  [1m[36mTRANSACTION (0.0ms)[0m  [1m[36mbegin transaction[0m
  [1m[35m (0.8ms)[0m  [1m[35mALTER TABLE "slide_mappings" ADD "expiry_date" varchar[0m
  [1m[36mActiveRecord::SchemaMigration Create (0.1ms)[0m  [1m[32mINSERT INTO "schema_migrations" ("version") VALUES ('20240910130256') RETURNING "version"[0m
  [1m[36mTRANSACTION (0.1ms)[0m  [1m[36mcommit transaction[0m
  [1m[36mActiveRecord::SchemaMigration Load (0.1ms)[0m  [1m[34mSELECT "schema_migrations"."version" FROM "schema_migrations" ORDER BY "schema_migrations"."version" ASC[0m
Started GET "/" for 127.0.0.1 at 2024-09-17 15:44:22 +0300
  [1m[36mActiveRecord::SchemaMigration Load (0.2ms)[0m  [1m[34mSELECT "schema_migrations"."version" FROM "schema_migrations" ORDER BY "schema_migrations"."version" ASC[0m
Processing by MainController#index as HTML
  Rendering layout layouts/application.html.erb
  Rendering main/index.html.erb within layouts/application
  Rendered main/index.html.erb within layouts/application (Duration: 282.5ms | Allocations: 83618)
  Rendered layout layouts/application.html.erb (Duration: 290.9ms | Allocations: 87654)
Completed 500 Internal Server Error in 301ms (ActiveRecord: 0.0ms | Allocations: 92327)


  
ActionView::Template::Error (The asset "application.css" is not present in the asset pipeline.
):
     6:     <%= csrf_meta_tags %>
     7:     <%= csp_meta_tag %>
     8:     
     9:     <%= stylesheet_link_tag "application", "data-turbo-track": "reload" %>
    10:     <%= javascript_include_tag "application", "data-turbo-track": "reload", type: "module" %>
    11: 
    12:     <%= favicon_link_tag asset_path('Makesign.ico') %>
  
app/views/layouts/application.html.erb:9
Started GET "/" for 127.0.0.1 at 2024-09-17 15:44:25 +0300
Processing by MainController#index as HTML
  Rendering layout layouts/application.html.erb
  Rendering main/index.html.erb within layouts/application
  Rendered main/index.html.erb within layouts/application (Duration: 6.0ms | Allocations: 1268)
  Rendered layout layouts/application.html.erb (Duration: 17.2ms | Allocations: 3932)
Completed 500 Internal Server Error in 19ms (ActiveRecord: 0.0ms | Allocations: 4169)


  
ActionView::Template::Error (The asset "application.css" is not present in the asset pipeline.
):
     6:     <%= csrf_meta_tags %>
     7:     <%= csp_meta_tag %>
     8:     
     9:     <%= stylesheet_link_tag "application", "data-turbo-track": "reload" %>
    10:     <%= javascript_include_tag "application", "data-turbo-track": "reload", type: "module" %>
    11: 
    12:     <%= favicon_link_tag asset_path('Makesign.ico') %>
  
app/views/layouts/application.html.erb:9
Started GET "/" for 127.0.0.1 at 2024-09-17 15:44:26 +0300
Processing by MainController#index as HTML
  Rendering layout layouts/application.html.erb
  Rendering main/index.html.erb within layouts/application
  Rendered main/index.html.erb within layouts/application (Duration: 6.3ms | Allocations: 1268)
  Rendered layout layouts/application.html.erb (Duration: 14.7ms | Allocations: 3930)
Completed 500 Internal Server Error in 16ms (ActiveRecord: 0.0ms | Allocations: 4166)


  
ActionView::Template::Error (The asset "application.css" is not present in the asset pipeline.
):
     6:     <%= csrf_meta_tags %>
     7:     <%= csp_meta_tag %>
     8:     
     9:     <%= stylesheet_link_tag "application", "data-turbo-track": "reload" %>
    10:     <%= javascript_include_tag "application", "data-turbo-track": "reload", type: "module" %>
    11: 
    12:     <%= favicon_link_tag asset_path('Makesign.ico') %>
  
app/views/layouts/application.html.erb:9
